Thu Mar 14 08:59:34 2024       
+---------------------------------------------------------------------------------------+
| NVIDIA-SMI 545.23.08              Driver Version: 545.23.08    CUDA Version: 12.3     |
|-----------------------------------------+----------------------+----------------------+
| GPU  Name                 Persistence-M | Bus-Id        Disp.A | Volatile Uncorr. ECC |
| Fan  Temp   Perf          Pwr:Usage/Cap |         Memory-Usage | GPU-Util  Compute M. |
|                                         |                      |               MIG M. |
|=========================================+======================+======================|
|   0  Tesla V100-SXM2-32GB           On  | 00000000:B3:00.0 Off |                    0 |
| N/A   36C    P0              39W / 300W |      0MiB / 32768MiB |      0%      Default |
|                                         |                      |                  N/A |
+-----------------------------------------+----------------------+----------------------+
                                                                                         
+---------------------------------------------------------------------------------------+
| Processes:                                                                            |
|  GPU   GI   CI        PID   Type   Process name                            GPU Memory |
|        ID   ID                                                             Usage      |
|=======================================================================================|
|  No running processes found                                                           |
+---------------------------------------------------------------------------------------+
/ocean/projects/cis220031p/mmisra/transformers/examples/pytorch/language-modeling/scripts
START TIME: Thu Mar 14 08:59:35 EDT 2024
MASTER_ADDR=v002 MASTER_PORT=6000 NUM_PROCESSES=1 GPUS_PER_NODE=1 NNODES=1 $SLURM_PROCID
[W socket.cpp:464] [c10d] The server socket has failed to bind to [::]:6000 (errno: 98 - Address already in use).
[W socket.cpp:464] [c10d] The server socket has failed to bind to 0.0.0.0:6000 (errno: 98 - Address already in use).
[E socket.cpp:500] [c10d] The server socket has failed to listen on any local network address.
Traceback (most recent call last):
  File "/jet/home/mmisra/miniconda3/envs/benchmark/lib/python3.8/runpy.py", line 192, in _run_module_as_main
    return _run_code(code, main_globals, None,
  File "/jet/home/mmisra/miniconda3/envs/benchmark/lib/python3.8/runpy.py", line 85, in _run_code
    exec(code, run_globals)
  File "/jet/home/mmisra/miniconda3/envs/benchmark/lib/python3.8/site-packages/torch/distributed/run.py", line 816, in <module>
    main()
  File "/jet/home/mmisra/miniconda3/envs/benchmark/lib/python3.8/site-packages/torch/distributed/elastic/multiprocessing/errors/__init__.py", line 347, in wrapper
    return f(*args, **kwargs)
  File "/jet/home/mmisra/miniconda3/envs/benchmark/lib/python3.8/site-packages/torch/distributed/run.py", line 812, in main
    run(args)
  File "/jet/home/mmisra/miniconda3/envs/benchmark/lib/python3.8/site-packages/torch/distributed/run.py", line 803, in run
    elastic_launch(
  File "/jet/home/mmisra/miniconda3/envs/benchmark/lib/python3.8/site-packages/torch/distributed/launcher/api.py", line 135, in __call__
    return launch_agent(self._config, self._entrypoint, list(args))
  File "/jet/home/mmisra/miniconda3/envs/benchmark/lib/python3.8/site-packages/torch/distributed/launcher/api.py", line 259, in launch_agent
    result = agent.run()
  File "/jet/home/mmisra/miniconda3/envs/benchmark/lib/python3.8/site-packages/torch/distributed/elastic/metrics/api.py", line 123, in wrapper
    result = f(*args, **kwargs)
  File "/jet/home/mmisra/miniconda3/envs/benchmark/lib/python3.8/site-packages/torch/distributed/elastic/agent/server/api.py", line 727, in run
    result = self._invoke_run(role)
  File "/jet/home/mmisra/miniconda3/envs/benchmark/lib/python3.8/site-packages/torch/distributed/elastic/agent/server/api.py", line 862, in _invoke_run
    self._initialize_workers(self._worker_group)
  File "/jet/home/mmisra/miniconda3/envs/benchmark/lib/python3.8/site-packages/torch/distributed/elastic/metrics/api.py", line 123, in wrapper
    result = f(*args, **kwargs)
  File "/jet/home/mmisra/miniconda3/envs/benchmark/lib/python3.8/site-packages/torch/distributed/elastic/agent/server/api.py", line 699, in _initialize_workers
    self._rendezvous(worker_group)
  File "/jet/home/mmisra/miniconda3/envs/benchmark/lib/python3.8/site-packages/torch/distributed/elastic/metrics/api.py", line 123, in wrapper
    result = f(*args, **kwargs)
  File "/jet/home/mmisra/miniconda3/envs/benchmark/lib/python3.8/site-packages/torch/distributed/elastic/agent/server/api.py", line 542, in _rendezvous
    store, group_rank, group_world_size = spec.rdzv_handler.next_rendezvous()
  File "/jet/home/mmisra/miniconda3/envs/benchmark/lib/python3.8/site-packages/torch/distributed/elastic/rendezvous/static_tcp_rendezvous.py", line 55, in next_rendezvous
    self._store = TCPStore(  # type: ignore[call-arg]
torch.distributed.DistNetworkError: The server socket has failed to listen on any local network address. The server socket has failed to bind to [::]:6000 (errno: 98 - Address already in use). The server socket has failed to bind to 0.0.0.0:6000 (errno: 98 - Address already in use).
/usr/bin/bash: line 1: --do_eval: command not found
/usr/bin/bash: line 2: --output_dir: command not found
srun: error: v002: task 0: Exited with exit code 127
END TIME: Thu Mar 14 08:59:42 EDT 2024
